[2019-05-13 22:06:18,684] [INFO ] -- [com.yl.Application Starting Application on DESKTOP-RRDOHMK with PID 12848 (D:\workspace\spring-dynamic-datasource\target\classes started by asus in D:\workspace\spring-dynamic-datasource)  -- [main] DESKTOP-RRDOHMK]
[2019-05-13 22:06:18,709] [INFO ] -- [com.yl.Application No active profile set, falling back to default profiles: default  -- [main] DESKTOP-RRDOHMK]
[2019-05-13 22:06:18,943] [INFO ] -- [org.springframework.boot.context.embedded.AnnotationConfigEmbeddedWebApplicationContext Refreshing org.springframework.boot.context.embedded.AnnotationConfigEmbeddedWebApplicationContext@2a7f1f10: startup date [Mon May 13 22:06:18 CST 2019]; root of context hierarchy  -- [main] DESKTOP-RRDOHMK]
[2019-05-13 22:06:19,394] [INFO ] -- [org.hibernate.validator.internal.util.Version HV000001: Hibernate Validator 5.3.5.Final  -- [background-preinit] DESKTOP-RRDOHMK]
[2019-05-13 22:06:21,492] [WARN ] -- [org.mybatis.spring.mapper.ClassPathMapperScanner No MyBatis mapper was found in '[com.wgmf.jz.mapper]' package. Please check your configuration.  -- [main] DESKTOP-RRDOHMK]
[2019-05-13 22:06:22,098] [INFO ] -- [org.springframework.beans.factory.support.DefaultListableBeanFactory Overriding bean definition for bean 'managementServletContext' with a different definition: replacing [Root bean: class [null]; scope=; abstract=false; lazyInit=false; autowireMode=3; dependencyCheck=0; autowireCandidate=true; primary=false; factoryBeanName=org.springframework.boot.actuate.autoconfigure.EndpointWebMvcHypermediaManagementContextConfiguration; factoryMethodName=managementServletContext; initMethodName=null; destroyMethodName=(inferred); defined in class path resource [org/springframework/boot/actuate/autoconfigure/EndpointWebMvcHypermediaManagementContextConfiguration.class]] with [Root bean: class [null]; scope=; abstract=false; lazyInit=false; autowireMode=3; dependencyCheck=0; autowireCandidate=true; primary=false; factoryBeanName=org.springframework.boot.actuate.autoconfigure.EndpointWebMvcAutoConfiguration; factoryMethodName=managementServletContext; initMethodName=null; destroyMethodName=(inferred); defined in class path resource [org/springframework/boot/actuate/autoconfigure/EndpointWebMvcAutoConfiguration.class]]  -- [main] DESKTOP-RRDOHMK]
[2019-05-13 22:06:23,965] [INFO ] -- [org.springframework.context.support.PostProcessorRegistrationDelegate$BeanPostProcessorChecker Bean 'org.springframework.transaction.annotation.ProxyTransactionManagementConfiguration' of type [org.springframework.transaction.annotation.ProxyTransactionManagementConfiguration$$EnhancerBySpringCGLIB$$a94e16f1] is not eligible for getting processed by all BeanPostProcessors (for example: not eligible for auto-proxying)  -- [main] DESKTOP-RRDOHMK]
[2019-05-13 22:06:25,394] [INFO ] -- [org.springframework.boot.context.embedded.tomcat.TomcatEmbeddedServletContainer Tomcat initialized with port(s): 8989 (http)  -- [main] DESKTOP-RRDOHMK]
[2019-05-13 22:06:25,413] [INFO ] -- [org.apache.catalina.core.StandardService Starting service [Tomcat]  -- [main] DESKTOP-RRDOHMK]
[2019-05-13 22:06:25,415] [INFO ] -- [org.apache.catalina.core.StandardEngine Starting Servlet Engine: Apache Tomcat/8.5.16  -- [main] DESKTOP-RRDOHMK]
[2019-05-13 22:06:25,629] [INFO ] -- [org.apache.catalina.core.ContainerBase.[Tomcat].[localhost].[/] Initializing Spring embedded WebApplicationContext  -- [localhost-startStop-1] DESKTOP-RRDOHMK]
[2019-05-13 22:06:25,629] [INFO ] -- [org.springframework.web.context.ContextLoader Root WebApplicationContext: initialization completed in 6691 ms  -- [localhost-startStop-1] DESKTOP-RRDOHMK]
[2019-05-13 22:06:27,690] [INFO ] -- [org.springframework.boot.web.servlet.ServletRegistrationBean Mapping servlet: 'dispatcherServlet' to [/]  -- [localhost-startStop-1] DESKTOP-RRDOHMK]
[2019-05-13 22:06:27,724] [INFO ] -- [org.springframework.boot.web.servlet.FilterRegistrationBean Mapping filter: 'metricsFilter' to: [/*]  -- [localhost-startStop-1] DESKTOP-RRDOHMK]
[2019-05-13 22:06:27,725] [INFO ] -- [org.springframework.boot.web.servlet.FilterRegistrationBean Mapping filter: 'characterEncodingFilter' to: [/*]  -- [localhost-startStop-1] DESKTOP-RRDOHMK]
[2019-05-13 22:06:27,725] [INFO ] -- [org.springframework.boot.web.servlet.FilterRegistrationBean Mapping filter: 'hiddenHttpMethodFilter' to: [/*]  -- [localhost-startStop-1] DESKTOP-RRDOHMK]
[2019-05-13 22:06:27,727] [INFO ] -- [org.springframework.boot.web.servlet.FilterRegistrationBean Mapping filter: 'httpPutFormContentFilter' to: [/*]  -- [localhost-startStop-1] DESKTOP-RRDOHMK]
[2019-05-13 22:06:27,727] [INFO ] -- [org.springframework.boot.web.servlet.FilterRegistrationBean Mapping filter: 'requestContextFilter' to: [/*]  -- [localhost-startStop-1] DESKTOP-RRDOHMK]
[2019-05-13 22:06:27,728] [INFO ] -- [org.springframework.boot.web.servlet.FilterRegistrationBean Mapping filter: 'webRequestLoggingFilter' to: [/*]  -- [localhost-startStop-1] DESKTOP-RRDOHMK]
[2019-05-13 22:06:27,728] [INFO ] -- [org.springframework.boot.web.servlet.FilterRegistrationBean Mapping filter: 'applicationContextIdFilter' to: [/*]  -- [localhost-startStop-1] DESKTOP-RRDOHMK]
[2019-05-13 22:06:32,242] [INFO ] -- [org.springframework.web.servlet.mvc.method.annotation.RequestMappingHandlerMapping Mapped "{[/test/testMysql],methods=[GET]}" onto public java.util.List<com.yl.domain.Person> com.yl.web.TestController.testMysql()  -- [main] DESKTOP-RRDOHMK]
[2019-05-13 22:06:32,244] [INFO ] -- [org.springframework.web.servlet.mvc.method.annotation.RequestMappingHandlerMapping Mapped "{[/v2/api-docs],methods=[GET]}" onto public org.springframework.http.ResponseEntity<springfox.documentation.spring.web.json.Json> springfox.documentation.swagger2.web.Swagger2Controller.getDocumentation(java.lang.String)  -- [main] DESKTOP-RRDOHMK]
[2019-05-13 22:06:32,246] [INFO ] -- [org.springframework.web.servlet.mvc.method.annotation.RequestMappingHandlerMapping Mapped "{[/swagger-resources]}" onto org.springframework.http.ResponseEntity<java.util.List<springfox.documentation.swagger.web.SwaggerResource>> springfox.documentation.swagger.web.ApiResourceController.swaggerResources()  -- [main] DESKTOP-RRDOHMK]
[2019-05-13 22:06:32,247] [INFO ] -- [org.springframework.web.servlet.mvc.method.annotation.RequestMappingHandlerMapping Mapped "{[/configuration/ui]}" onto org.springframework.http.ResponseEntity<springfox.documentation.swagger.web.UiConfiguration> springfox.documentation.swagger.web.ApiResourceController.uiConfiguration()  -- [main] DESKTOP-RRDOHMK]
[2019-05-13 22:06:32,248] [INFO ] -- [org.springframework.web.servlet.mvc.method.annotation.RequestMappingHandlerMapping Mapped "{[/configuration/security]}" onto org.springframework.http.ResponseEntity<springfox.documentation.swagger.web.SecurityConfiguration> springfox.documentation.swagger.web.ApiResourceController.securityConfiguration()  -- [main] DESKTOP-RRDOHMK]
[2019-05-13 22:06:32,250] [INFO ] -- [org.springframework.web.servlet.mvc.method.annotation.RequestMappingHandlerMapping Mapped "{[/error]}" onto public org.springframework.http.ResponseEntity<java.util.Map<java.lang.String, java.lang.Object>> org.springframework.boot.autoconfigure.web.BasicErrorController.error(javax.servlet.http.HttpServletRequest)  -- [main] DESKTOP-RRDOHMK]
[2019-05-13 22:06:32,251] [INFO ] -- [org.springframework.web.servlet.mvc.method.annotation.RequestMappingHandlerMapping Mapped "{[/error],produces=[text/html]}" onto public org.springframework.web.servlet.ModelAndView org.springframework.boot.autoconfigure.web.BasicErrorController.errorHtml(javax.servlet.http.HttpServletRequest,javax.servlet.http.HttpServletResponse)  -- [main] DESKTOP-RRDOHMK]
[2019-05-13 22:06:33,000] [INFO ] -- [org.springframework.boot.actuate.endpoint.mvc.EndpointHandlerMapping Mapped "{[/health || /health.json],methods=[GET],produces=[application/vnd.spring-boot.actuator.v1+json || application/json]}" onto public java.lang.Object org.springframework.boot.actuate.endpoint.mvc.HealthMvcEndpoint.invoke(javax.servlet.http.HttpServletRequest,java.security.Principal)  -- [main] DESKTOP-RRDOHMK]
[2019-05-13 22:06:33,002] [INFO ] -- [org.springframework.boot.actuate.endpoint.mvc.EndpointHandlerMapping Mapped "{[/beans || /beans.json],methods=[GET],produces=[application/vnd.spring-boot.actuator.v1+json || application/json]}" onto public java.lang.Object org.springframework.boot.actuate.endpoint.mvc.EndpointMvcAdapter.invoke()  -- [main] DESKTOP-RRDOHMK]
[2019-05-13 22:06:33,005] [INFO ] -- [org.springframework.boot.actuate.endpoint.mvc.EndpointHandlerMapping Mapped "{[/env/{name:.*}],methods=[GET],produces=[application/vnd.spring-boot.actuator.v1+json || application/json]}" onto public java.lang.Object org.springframework.boot.actuate.endpoint.mvc.EnvironmentMvcEndpoint.value(java.lang.String)  -- [main] DESKTOP-RRDOHMK]
[2019-05-13 22:06:33,005] [INFO ] -- [org.springframework.boot.actuate.endpoint.mvc.EndpointHandlerMapping Mapped "{[/env || /env.json],methods=[GET],produces=[application/vnd.spring-boot.actuator.v1+json || application/json]}" onto public java.lang.Object org.springframework.boot.actuate.endpoint.mvc.EndpointMvcAdapter.invoke()  -- [main] DESKTOP-RRDOHMK]
[2019-05-13 22:06:33,007] [INFO ] -- [org.springframework.boot.actuate.endpoint.mvc.EndpointHandlerMapping Mapped "{[/logfile || /logfile.json],methods=[GET || HEAD]}" onto public void org.springframework.boot.actuate.endpoint.mvc.LogFileMvcEndpoint.invoke(javax.servlet.http.HttpServletRequest,javax.servlet.http.HttpServletResponse) throws javax.servlet.ServletException,java.io.IOException  -- [main] DESKTOP-RRDOHMK]
[2019-05-13 22:06:33,008] [INFO ] -- [org.springframework.boot.actuate.endpoint.mvc.EndpointHandlerMapping Mapped "{[/actuator || /actuator.json],methods=[GET],produces=[application/vnd.spring-boot.actuator.v1+json || application/json]}" onto public org.springframework.hateoas.ResourceSupport org.springframework.boot.actuate.endpoint.mvc.HalJsonMvcEndpoint.links()  -- [main] DESKTOP-RRDOHMK]
[2019-05-13 22:06:33,009] [INFO ] -- [org.springframework.boot.actuate.endpoint.mvc.EndpointHandlerMapping Mapped "{[/mappings || /mappings.json],methods=[GET],produces=[application/vnd.spring-boot.actuator.v1+json || application/json]}" onto public java.lang.Object org.springframework.boot.actuate.endpoint.mvc.EndpointMvcAdapter.invoke()  -- [main] DESKTOP-RRDOHMK]
[2019-05-13 22:06:33,010] [INFO ] -- [org.springframework.boot.actuate.endpoint.mvc.EndpointHandlerMapping Mapped "{[/trace || /trace.json],methods=[GET],produces=[application/vnd.spring-boot.actuator.v1+json || application/json]}" onto public java.lang.Object org.springframework.boot.actuate.endpoint.mvc.EndpointMvcAdapter.invoke()  -- [main] DESKTOP-RRDOHMK]
[2019-05-13 22:06:33,011] [INFO ] -- [org.springframework.boot.actuate.endpoint.mvc.EndpointHandlerMapping Mapped "{[/autoconfig || /autoconfig.json],methods=[GET],produces=[application/vnd.spring-boot.actuator.v1+json || application/json]}" onto public java.lang.Object org.springframework.boot.actuate.endpoint.mvc.EndpointMvcAdapter.invoke()  -- [main] DESKTOP-RRDOHMK]
[2019-05-13 22:06:33,013] [INFO ] -- [org.springframework.boot.actuate.endpoint.mvc.EndpointHandlerMapping Mapped "{[/auditevents || /auditevents.json],methods=[GET],produces=[application/vnd.spring-boot.actuator.v1+json || application/json]}" onto public org.springframework.http.ResponseEntity<?> org.springframework.boot.actuate.endpoint.mvc.AuditEventsMvcEndpoint.findByPrincipalAndAfterAndType(java.lang.String,java.util.Date,java.lang.String)  -- [main] DESKTOP-RRDOHMK]
[2019-05-13 22:06:33,015] [INFO ] -- [org.springframework.boot.actuate.endpoint.mvc.EndpointHandlerMapping Mapped "{[/dump || /dump.json],methods=[GET],produces=[application/vnd.spring-boot.actuator.v1+json || application/json]}" onto public java.lang.Object org.springframework.boot.actuate.endpoint.mvc.EndpointMvcAdapter.invoke()  -- [main] DESKTOP-RRDOHMK]
[2019-05-13 22:06:33,030] [INFO ] -- [org.springframework.boot.actuate.endpoint.mvc.EndpointHandlerMapping Mapped "{[/loggers/{name:.*}],methods=[GET],produces=[application/vnd.spring-boot.actuator.v1+json || application/json]}" onto public java.lang.Object org.springframework.boot.actuate.endpoint.mvc.LoggersMvcEndpoint.get(java.lang.String)  -- [main] DESKTOP-RRDOHMK]
[2019-05-13 22:06:33,031] [INFO ] -- [org.springframework.boot.actuate.endpoint.mvc.EndpointHandlerMapping Mapped "{[/loggers/{name:.*}],methods=[POST],consumes=[application/vnd.spring-boot.actuator.v1+json || application/json],produces=[application/vnd.spring-boot.actuator.v1+json || application/json]}" onto public java.lang.Object org.springframework.boot.actuate.endpoint.mvc.LoggersMvcEndpoint.set(java.lang.String,java.util.Map<java.lang.String, java.lang.String>)  -- [main] DESKTOP-RRDOHMK]
[2019-05-13 22:06:33,032] [INFO ] -- [org.springframework.boot.actuate.endpoint.mvc.EndpointHandlerMapping Mapped "{[/loggers || /loggers.json],methods=[GET],produces=[application/vnd.spring-boot.actuator.v1+json || application/json]}" onto public java.lang.Object org.springframework.boot.actuate.endpoint.mvc.EndpointMvcAdapter.invoke()  -- [main] DESKTOP-RRDOHMK]
[2019-05-13 22:06:33,034] [INFO ] -- [org.springframework.boot.actuate.endpoint.mvc.EndpointHandlerMapping Mapped "{[/info || /info.json],methods=[GET],produces=[application/vnd.spring-boot.actuator.v1+json || application/json]}" onto public java.lang.Object org.springframework.boot.actuate.endpoint.mvc.EndpointMvcAdapter.invoke()  -- [main] DESKTOP-RRDOHMK]
[2019-05-13 22:06:33,045] [INFO ] -- [org.springframework.boot.actuate.endpoint.mvc.EndpointHandlerMapping Mapped "{[/configprops || /configprops.json],methods=[GET],produces=[application/vnd.spring-boot.actuator.v1+json || application/json]}" onto public java.lang.Object org.springframework.boot.actuate.endpoint.mvc.EndpointMvcAdapter.invoke()  -- [main] DESKTOP-RRDOHMK]
[2019-05-13 22:06:33,049] [INFO ] -- [org.springframework.boot.actuate.endpoint.mvc.EndpointHandlerMapping Mapped "{[/metrics/{name:.*}],methods=[GET],produces=[application/vnd.spring-boot.actuator.v1+json || application/json]}" onto public java.lang.Object org.springframework.boot.actuate.endpoint.mvc.MetricsMvcEndpoint.value(java.lang.String)  -- [main] DESKTOP-RRDOHMK]
[2019-05-13 22:06:33,049] [INFO ] -- [org.springframework.boot.actuate.endpoint.mvc.EndpointHandlerMapping Mapped "{[/metrics || /metrics.json],methods=[GET],produces=[application/vnd.spring-boot.actuator.v1+json || application/json]}" onto public java.lang.Object org.springframework.boot.actuate.endpoint.mvc.EndpointMvcAdapter.invoke()  -- [main] DESKTOP-RRDOHMK]
[2019-05-13 22:06:33,053] [INFO ] -- [org.springframework.boot.actuate.endpoint.mvc.EndpointHandlerMapping Mapped "{[/heapdump || /heapdump.json],methods=[GET],produces=[application/octet-stream]}" onto public void org.springframework.boot.actuate.endpoint.mvc.HeapdumpMvcEndpoint.invoke(boolean,javax.servlet.http.HttpServletRequest,javax.servlet.http.HttpServletResponse) throws java.io.IOException,javax.servlet.ServletException  -- [main] DESKTOP-RRDOHMK]
[2019-05-13 22:06:33,690] [ERROR] -- [com.yl.swagger.SwaggerConfig swagger para:动态数据源,动态数据源接口,无API服务条款,(578598624@qq.com),1.0.0-SNAPSHOT  -- [main] DESKTOP-RRDOHMK]
[2019-05-13 22:06:35,054] [INFO ] -- [org.springframework.web.servlet.mvc.method.annotation.RequestMappingHandlerAdapter Looking for @ControllerAdvice: org.springframework.boot.context.embedded.AnnotationConfigEmbeddedWebApplicationContext@2a7f1f10: startup date [Mon May 13 22:06:18 CST 2019]; root of context hierarchy  -- [main] DESKTOP-RRDOHMK]
[2019-05-13 22:06:35,076] [INFO ] -- [org.springframework.web.servlet.mvc.method.annotation.RequestMappingHandlerAdapter Detected ResponseBodyAdvice bean in org.springframework.boot.actuate.autoconfigure.EndpointWebMvcHypermediaManagementContextConfiguration$ActuatorEndpointLinksAdvice  -- [main] DESKTOP-RRDOHMK]
[2019-05-13 22:06:35,826] [INFO ] -- [org.springframework.web.servlet.handler.SimpleUrlHandlerMapping Mapped URL path [/webjars/**] onto handler of type [class org.springframework.web.servlet.resource.ResourceHttpRequestHandler]  -- [main] DESKTOP-RRDOHMK]
[2019-05-13 22:06:35,848] [INFO ] -- [org.springframework.web.servlet.handler.SimpleUrlHandlerMapping Mapped URL path [/**] onto handler of type [class org.springframework.web.servlet.resource.ResourceHttpRequestHandler]  -- [main] DESKTOP-RRDOHMK]
[2019-05-13 22:06:35,890] [INFO ] -- [org.springframework.web.servlet.mvc.method.annotation.ExceptionHandlerExceptionResolver Detected ResponseBodyAdvice implementation in org.springframework.boot.actuate.autoconfigure.EndpointWebMvcHypermediaManagementContextConfiguration$ActuatorEndpointLinksAdvice  -- [main] DESKTOP-RRDOHMK]
[2019-05-13 22:06:36,142] [INFO ] -- [org.springframework.web.servlet.handler.SimpleUrlHandlerMapping Mapped URL path [/**/favicon.ico] onto handler of type [class org.springframework.web.servlet.resource.ResourceHttpRequestHandler]  -- [main] DESKTOP-RRDOHMK]
[2019-05-13 22:06:38,697] [INFO ] -- [org.springframework.jmx.export.annotation.AnnotationMBeanExporter Registering beans for JMX exposure on startup  -- [main] DESKTOP-RRDOHMK]
[2019-05-13 22:06:38,708] [INFO ] -- [org.springframework.boot.actuate.endpoint.jmx.EndpointMBeanExporter Registering beans for JMX exposure on startup  -- [main] DESKTOP-RRDOHMK]
[2019-05-13 22:06:38,731] [INFO ] -- [org.springframework.context.support.DefaultLifecycleProcessor Starting beans in phase 0  -- [main] DESKTOP-RRDOHMK]
[2019-05-13 22:06:38,735] [INFO ] -- [org.springframework.boot.actuate.endpoint.jmx.EndpointMBeanExporter Located managed bean 'auditEventsEndpoint': registering with JMX server as MBean [org.springframework.boot:type=Endpoint,name=auditEventsEndpoint]  -- [main] DESKTOP-RRDOHMK]
[2019-05-13 22:06:38,765] [INFO ] -- [org.springframework.boot.actuate.endpoint.jmx.EndpointMBeanExporter Located managed bean 'requestMappingEndpoint': registering with JMX server as MBean [org.springframework.boot:type=Endpoint,name=requestMappingEndpoint]  -- [main] DESKTOP-RRDOHMK]
[2019-05-13 22:06:38,828] [INFO ] -- [org.springframework.boot.actuate.endpoint.jmx.EndpointMBeanExporter Located managed bean 'environmentEndpoint': registering with JMX server as MBean [org.springframework.boot:type=Endpoint,name=environmentEndpoint]  -- [main] DESKTOP-RRDOHMK]
[2019-05-13 22:06:38,836] [INFO ] -- [org.springframework.boot.actuate.endpoint.jmx.EndpointMBeanExporter Located managed bean 'healthEndpoint': registering with JMX server as MBean [org.springframework.boot:type=Endpoint,name=healthEndpoint]  -- [main] DESKTOP-RRDOHMK]
[2019-05-13 22:06:38,846] [INFO ] -- [org.springframework.boot.actuate.endpoint.jmx.EndpointMBeanExporter Located managed bean 'beansEndpoint': registering with JMX server as MBean [org.springframework.boot:type=Endpoint,name=beansEndpoint]  -- [main] DESKTOP-RRDOHMK]
[2019-05-13 22:06:38,851] [INFO ] -- [org.springframework.boot.actuate.endpoint.jmx.EndpointMBeanExporter Located managed bean 'infoEndpoint': registering with JMX server as MBean [org.springframework.boot:type=Endpoint,name=infoEndpoint]  -- [main] DESKTOP-RRDOHMK]
[2019-05-13 22:06:38,855] [INFO ] -- [org.springframework.boot.actuate.endpoint.jmx.EndpointMBeanExporter Located managed bean 'loggersEndpoint': registering with JMX server as MBean [org.springframework.boot:type=Endpoint,name=loggersEndpoint]  -- [main] DESKTOP-RRDOHMK]
[2019-05-13 22:06:38,863] [INFO ] -- [org.springframework.boot.actuate.endpoint.jmx.EndpointMBeanExporter Located managed bean 'metricsEndpoint': registering with JMX server as MBean [org.springframework.boot:type=Endpoint,name=metricsEndpoint]  -- [main] DESKTOP-RRDOHMK]
[2019-05-13 22:06:38,893] [INFO ] -- [org.springframework.boot.actuate.endpoint.jmx.EndpointMBeanExporter Located managed bean 'traceEndpoint': registering with JMX server as MBean [org.springframework.boot:type=Endpoint,name=traceEndpoint]  -- [main] DESKTOP-RRDOHMK]
[2019-05-13 22:06:38,898] [INFO ] -- [org.springframework.boot.actuate.endpoint.jmx.EndpointMBeanExporter Located managed bean 'dumpEndpoint': registering with JMX server as MBean [org.springframework.boot:type=Endpoint,name=dumpEndpoint]  -- [main] DESKTOP-RRDOHMK]
[2019-05-13 22:06:38,906] [INFO ] -- [org.springframework.boot.actuate.endpoint.jmx.EndpointMBeanExporter Located managed bean 'autoConfigurationReportEndpoint': registering with JMX server as MBean [org.springframework.boot:type=Endpoint,name=autoConfigurationReportEndpoint]  -- [main] DESKTOP-RRDOHMK]
[2019-05-13 22:06:38,913] [INFO ] -- [org.springframework.boot.actuate.endpoint.jmx.EndpointMBeanExporter Located managed bean 'configurationPropertiesReportEndpoint': registering with JMX server as MBean [org.springframework.boot:type=Endpoint,name=configurationPropertiesReportEndpoint]  -- [main] DESKTOP-RRDOHMK]
[2019-05-13 22:06:38,964] [INFO ] -- [springfox.documentation.spring.web.plugins.DocumentationPluginsBootstrapper Context refreshed  -- [main] DESKTOP-RRDOHMK]
[2019-05-13 22:06:39,069] [INFO ] -- [springfox.documentation.spring.web.plugins.DocumentationPluginsBootstrapper Found {0} custom documentation plugin(s)  -- [main] DESKTOP-RRDOHMK]
[2019-05-13 22:06:39,082] [INFO ] -- [springfox.documentation.spring.web.scanners.ApiListingReferenceScanner Scanning for api listing references  -- [main] DESKTOP-RRDOHMK]
[2019-05-13 22:06:39,089] [INFO ] -- [springfox.documentation.swagger.web.ClassOrApiAnnotationResourceGrouping Group for method testMysql was test-controller  -- [main] DESKTOP-RRDOHMK]
[2019-05-13 22:06:39,094] [INFO ] -- [springfox.documentation.spring.web.scanners.ApiListingReferenceScanner Request mapping: testMysql belongs to groups: [[ResourceGroup{groupName='test-controller', position=0, controller=com.yl.web.TestController}]]   -- [main] DESKTOP-RRDOHMK]
[2019-05-13 22:06:39,115] [INFO ] -- [springfox.documentation.spring.web.scanners.ApiListingReferenceScanner Created resource listing Path: /default/test-controller Description: test-controller Position: 0  -- [main] DESKTOP-RRDOHMK]
[2019-05-13 22:06:39,199] [INFO ] -- [springfox.documentation.schema.ModelContextKeyGenerator Cache Key Generated: java.util.List<com.yl.domain.Person>(true)  -- [main] DESKTOP-RRDOHMK]
[2019-05-13 22:06:39,200] [INFO ] -- [springfox.documentation.spring.web.caching.CachingAspect Caching aspect applied for cache models with key java.util.List<com.yl.domain.Person>(true)  -- [main] DESKTOP-RRDOHMK]
[2019-05-13 22:06:39,227] [INFO ] -- [springfox.documentation.schema.ModelContextKeyGenerator Cache Key Generated: java.util.List<com.yl.domain.Person>(true)  -- [main] DESKTOP-RRDOHMK]
[2019-05-13 22:06:39,228] [INFO ] -- [springfox.documentation.spring.web.caching.CachingAspect Caching aspect applied for cache modelDependencies with key java.util.List<com.yl.domain.Person>(true)  -- [main] DESKTOP-RRDOHMK]
[2019-05-13 22:06:39,262] [INFO ] -- [springfox.documentation.schema.property.ModelPropertiesKeyGenerator Cache key generated: com.yl.domain.Person(true)  -- [main] DESKTOP-RRDOHMK]
[2019-05-13 22:06:39,262] [INFO ] -- [springfox.documentation.spring.web.caching.CachingAspect Caching aspect applied for cache modelProperties with key com.yl.domain.Person(true)  -- [main] DESKTOP-RRDOHMK]
[2019-05-13 22:06:39,366] [INFO ] -- [springfox.documentation.schema.property.ModelPropertiesKeyGenerator Cache key generated: java.util.List<com.yl.domain.Person>(true)  -- [main] DESKTOP-RRDOHMK]
[2019-05-13 22:06:39,366] [INFO ] -- [springfox.documentation.spring.web.caching.CachingAspect Caching aspect applied for cache modelProperties with key java.util.List<com.yl.domain.Person>(true)  -- [main] DESKTOP-RRDOHMK]
[2019-05-13 22:06:39,369] [INFO ] -- [springfox.documentation.schema.property.ModelPropertiesKeyGenerator Cache key generated: com.yl.domain.Person(true)  -- [main] DESKTOP-RRDOHMK]
[2019-05-13 22:06:39,369] [INFO ] -- [springfox.documentation.spring.web.caching.CachingAspect Caching aspect applied for cache modelProperties with key com.yl.domain.Person(true)  -- [main] DESKTOP-RRDOHMK]
[2019-05-13 22:06:39,387] [INFO ] -- [springfox.documentation.spring.web.OperationsKeyGenerator Cache key generated: /test/testMysql.com.yl.web.TestController.testMysql.DefaultGenericTypeNamingStrategy  -- [main] DESKTOP-RRDOHMK]
[2019-05-13 22:06:39,388] [INFO ] -- [springfox.documentation.spring.web.caching.CachingAspect Caching aspect applied for cache operations with key /test/testMysql.com.yl.web.TestController.testMysql.DefaultGenericTypeNamingStrategy  -- [main] DESKTOP-RRDOHMK]
[2019-05-13 22:06:39,422] [INFO ] -- [springfox.documentation.swagger.web.ClassOrApiAnnotationResourceGrouping Group for method testMysql was test-controller  -- [main] DESKTOP-RRDOHMK]
[2019-05-13 22:06:39,507] [INFO ] -- [springfox.documentation.swagger.web.ClassOrApiAnnotationResourceGrouping Group for method testMysql was test-controller  -- [main] DESKTOP-RRDOHMK]
[2019-05-13 22:06:39,597] [INFO ] -- [org.apache.coyote.http11.Http11NioProtocol Initializing ProtocolHandler ["http-nio-8989"]  -- [main] DESKTOP-RRDOHMK]
[2019-05-13 22:06:39,677] [INFO ] -- [org.apache.coyote.http11.Http11NioProtocol Starting ProtocolHandler ["http-nio-8989"]  -- [main] DESKTOP-RRDOHMK]
[2019-05-13 22:06:39,711] [INFO ] -- [org.apache.tomcat.util.net.NioSelectorPool Using a shared selector for servlet write/read  -- [main] DESKTOP-RRDOHMK]
[2019-05-13 22:06:39,773] [INFO ] -- [org.springframework.boot.context.embedded.tomcat.TomcatEmbeddedServletContainer Tomcat started on port(s): 8989 (http)  -- [main] DESKTOP-RRDOHMK]
[2019-05-13 22:06:39,792] [INFO ] -- [com.yl.Application Started Application in 22.264 seconds (JVM running for 24.642)  -- [main] DESKTOP-RRDOHMK]
[2019-05-13 22:06:48,774] [INFO ] -- [org.apache.catalina.core.ContainerBase.[Tomcat].[localhost].[/] Initializing Spring FrameworkServlet 'dispatcherServlet'  -- [http-nio-8989-exec-10] DESKTOP-RRDOHMK]
[2019-05-13 22:06:48,774] [INFO ] -- [org.springframework.web.servlet.DispatcherServlet FrameworkServlet 'dispatcherServlet': initialization started  -- [http-nio-8989-exec-10] DESKTOP-RRDOHMK]
[2019-05-13 22:06:48,820] [INFO ] -- [org.springframework.web.servlet.DispatcherServlet FrameworkServlet 'dispatcherServlet': initialization completed in 46 ms  -- [http-nio-8989-exec-10] DESKTOP-RRDOHMK]
[2019-05-13 22:06:52,414] [ERROR] -- [org.apache.catalina.core.ContainerBase.[Tomcat].[localhost].[/].[dispatcherServlet] Servlet.service() for servlet [dispatcherServlet] in context with path [] threw exception [Request processing failed; nested exception is org.apache.ibatis.binding.BindingException: Invalid bound statement (not found): com.yl.mapper.TestMapper.testMysql] with root cause org.apache.ibatis.binding.BindingException: Invalid bound statement (not found): com.yl.mapper.TestMapper.testMysql
	at org.apache.ibatis.binding.MapperMethod$SqlCommand.<init>(MapperMethod.java:225)
	at org.apache.ibatis.binding.MapperMethod.<init>(MapperMethod.java:48)
	at org.apache.ibatis.binding.MapperProxy.cachedMapperMethod(MapperProxy.java:65)
	at org.apache.ibatis.binding.MapperProxy.invoke(MapperProxy.java:58)
	at com.sun.proxy.$Proxy102.testMysql(Unknown Source)
	at sun.reflect.NativeMethodAccessorImpl.invoke0(Native Method)
	at sun.reflect.NativeMethodAccessorImpl.invoke(NativeMethodAccessorImpl.java:62)
	at sun.reflect.DelegatingMethodAccessorImpl.invoke(DelegatingMethodAccessorImpl.java:43)
	at java.lang.reflect.Method.invoke(Method.java:498)
	at org.springframework.aop.support.AopUtils.invokeJoinpointUsingReflection(AopUtils.java:333)
	at org.springframework.aop.framework.ReflectiveMethodInvocation.invokeJoinpoint(ReflectiveMethodInvocation.java:190)
	at org.springframework.aop.framework.ReflectiveMethodInvocation.proceed(ReflectiveMethodInvocation.java:157)
	at org.springframework.dao.support.PersistenceExceptionTranslationInterceptor.invoke(PersistenceExceptionTranslationInterceptor.java:136)
	at org.springframework.aop.framework.ReflectiveMethodInvocation.proceed(ReflectiveMethodInvocation.java:179)
	at org.springframework.aop.framework.JdkDynamicAopProxy.invoke(JdkDynamicAopProxy.java:213)
	at com.sun.proxy.$Proxy104.testMysql(Unknown Source)
	at com.yl.service.impl.TestServiceImpl.testMysql(TestServiceImpl.java:23)
	at com.yl.web.TestController.testMysql(TestController.java:29)
	at sun.reflect.NativeMethodAccessorImpl.invoke0(Native Method)
	at sun.reflect.NativeMethodAccessorImpl.invoke(NativeMethodAccessorImpl.java:62)
	at sun.reflect.DelegatingMethodAccessorImpl.invoke(DelegatingMethodAccessorImpl.java:43)
	at java.lang.reflect.Method.invoke(Method.java:498)
	at org.springframework.web.method.support.InvocableHandlerMethod.doInvoke(InvocableHandlerMethod.java:205)
	at org.springframework.web.method.support.InvocableHandlerMethod.invokeForRequest(InvocableHandlerMethod.java:133)
	at org.springframework.web.servlet.mvc.method.annotation.ServletInvocableHandlerMethod.invokeAndHandle(ServletInvocableHandlerMethod.java:97)
	at org.springframework.web.servlet.mvc.method.annotation.RequestMappingHandlerAdapter.invokeHandlerMethod(RequestMappingHandlerAdapter.java:827)
	at org.springframework.web.servlet.mvc.method.annotation.RequestMappingHandlerAdapter.handleInternal(RequestMappingHandlerAdapter.java:738)
	at org.springframework.web.servlet.mvc.method.AbstractHandlerMethodAdapter.handle(AbstractHandlerMethodAdapter.java:85)
	at org.springframework.web.servlet.DispatcherServlet.doDispatch(DispatcherServlet.java:967)
	at org.springframework.web.servlet.DispatcherServlet.doService(DispatcherServlet.java:901)
	at org.springframework.web.servlet.FrameworkServlet.processRequest(FrameworkServlet.java:970)
	at org.springframework.web.servlet.FrameworkServlet.doGet(FrameworkServlet.java:861)
	at javax.servlet.http.HttpServlet.service(HttpServlet.java:635)
	at org.springframework.web.servlet.FrameworkServlet.service(FrameworkServlet.java:846)
	at javax.servlet.http.HttpServlet.service(HttpServlet.java:742)
	at org.apache.catalina.core.ApplicationFilterChain.internalDoFilter(ApplicationFilterChain.java:231)
	at org.apache.catalina.core.ApplicationFilterChain.doFilter(ApplicationFilterChain.java:166)
	at org.apache.tomcat.websocket.server.WsFilter.doFilter(WsFilter.java:52)
	at org.apache.catalina.core.ApplicationFilterChain.internalDoFilter(ApplicationFilterChain.java:193)
	at org.apache.catalina.core.ApplicationFilterChain.doFilter(ApplicationFilterChain.java:166)
	at org.springframework.boot.web.filter.ApplicationContextHeaderFilter.doFilterInternal(ApplicationContextHeaderFilter.java:55)
	at org.springframework.web.filter.OncePerRequestFilter.doFilter(OncePerRequestFilter.java:107)
	at org.apache.catalina.core.ApplicationFilterChain.internalDoFilter(ApplicationFilterChain.java:193)
	at org.apache.catalina.core.ApplicationFilterChain.doFilter(ApplicationFilterChain.java:166)
	at org.springframework.boot.actuate.trace.WebRequestTraceFilter.doFilterInternal(WebRequestTraceFilter.java:110)
	at org.springframework.web.filter.OncePerRequestFilter.doFilter(OncePerRequestFilter.java:107)
	at org.apache.catalina.core.ApplicationFilterChain.internalDoFilter(ApplicationFilterChain.java:193)
	at org.apache.catalina.core.ApplicationFilterChain.doFilter(ApplicationFilterChain.java:166)
	at org.springframework.web.filter.RequestContextFilter.doFilterInternal(RequestContextFilter.java:99)
	at org.springframework.web.filter.OncePerRequestFilter.doFilter(OncePerRequestFilter.java:107)
	at org.apache.catalina.core.ApplicationFilterChain.internalDoFilter(ApplicationFilterChain.java:193)
	at org.apache.catalina.core.ApplicationFilterChain.doFilter(ApplicationFilterChain.java:166)
	at org.springframework.web.filter.HttpPutFormContentFilter.doFilterInternal(HttpPutFormContentFilter.java:105)
	at org.springframework.web.filter.OncePerRequestFilter.doFilter(OncePerRequestFilter.java:107)
	at org.apache.catalina.core.ApplicationFilterChain.internalDoFilter(ApplicationFilterChain.java:193)
	at org.apache.catalina.core.ApplicationFilterChain.doFilter(ApplicationFilterChain.java:166)
	at org.springframework.web.filter.HiddenHttpMethodFilter.doFilterInternal(HiddenHttpMethodFilter.java:81)
	at org.springframework.web.filter.OncePerRequestFilter.doFilter(OncePerRequestFilter.java:107)
	at org.apache.catalina.core.ApplicationFilterChain.internalDoFilter(ApplicationFilterChain.java:193)
	at org.apache.catalina.core.ApplicationFilterChain.doFilter(ApplicationFilterChain.java:166)
	at org.springframework.web.filter.CharacterEncodingFilter.doFilterInternal(CharacterEncodingFilter.java:197)
	at org.springframework.web.filter.OncePerRequestFilter.doFilter(OncePerRequestFilter.java:107)
	at org.apache.catalina.core.ApplicationFilterChain.internalDoFilter(ApplicationFilterChain.java:193)
	at org.apache.catalina.core.ApplicationFilterChain.doFilter(ApplicationFilterChain.java:166)
	at org.springframework.boot.actuate.autoconfigure.MetricsFilter.doFilterInternal(MetricsFilter.java:106)
	at org.springframework.web.filter.OncePerRequestFilter.doFilter(OncePerRequestFilter.java:107)
	at org.apache.catalina.core.ApplicationFilterChain.internalDoFilter(ApplicationFilterChain.java:193)
	at org.apache.catalina.core.ApplicationFilterChain.doFilter(ApplicationFilterChain.java:166)
	at org.apache.catalina.core.StandardWrapperValve.invoke(StandardWrapperValve.java:198)
	at org.apache.catalina.core.StandardContextValve.invoke(StandardContextValve.java:96)
	at org.apache.catalina.authenticator.AuthenticatorBase.invoke(AuthenticatorBase.java:478)
	at org.apache.catalina.core.StandardHostValve.invoke(StandardHostValve.java:140)
	at org.apache.catalina.valves.ErrorReportValve.invoke(ErrorReportValve.java:80)
	at org.apache.catalina.core.StandardEngineValve.invoke(StandardEngineValve.java:87)
	at org.apache.catalina.connector.CoyoteAdapter.service(CoyoteAdapter.java:342)
	at org.apache.coyote.http11.Http11Processor.service(Http11Processor.java:799)
	at org.apache.coyote.AbstractProcessorLight.process(AbstractProcessorLight.java:66)
	at org.apache.coyote.AbstractProtocol$ConnectionHandler.process(AbstractProtocol.java:868)
	at org.apache.tomcat.util.net.NioEndpoint$SocketProcessor.doRun(NioEndpoint.java:1455)
	at org.apache.tomcat.util.net.SocketProcessorBase.run(SocketProcessorBase.java:49)
	at java.util.concurrent.ThreadPoolExecutor.runWorker(ThreadPoolExecutor.java:1149)
	at java.util.concurrent.ThreadPoolExecutor$Worker.run(ThreadPoolExecutor.java:624)
	at org.apache.tomcat.util.threads.TaskThread$WrappingRunnable.run(TaskThread.java:61)
	at java.lang.Thread.run(Thread.java:748)
 -- [http-nio-8989-exec-5] DESKTOP-RRDOHMK]
[2019-05-13 22:07:30,748] [INFO ] -- [com.yl.Application Starting Application on DESKTOP-RRDOHMK with PID 14668 (D:\workspace\spring-dynamic-datasource\target\classes started by asus in D:\workspace\spring-dynamic-datasource)  -- [main] DESKTOP-RRDOHMK]
[2019-05-13 22:07:30,756] [INFO ] -- [com.yl.Application No active profile set, falling back to default profiles: default  -- [main] DESKTOP-RRDOHMK]
[2019-05-13 22:07:30,866] [INFO ] -- [org.springframework.boot.context.embedded.AnnotationConfigEmbeddedWebApplicationContext Refreshing org.springframework.boot.context.embedded.AnnotationConfigEmbeddedWebApplicationContext@16f7b4af: startup date [Mon May 13 22:07:30 CST 2019]; root of context hierarchy  -- [main] DESKTOP-RRDOHMK]
[2019-05-13 22:07:31,259] [INFO ] -- [org.hibernate.validator.internal.util.Version HV000001: Hibernate Validator 5.3.5.Final  -- [background-preinit] DESKTOP-RRDOHMK]
[2019-05-13 22:07:32,369] [WARN ] -- [org.mybatis.spring.mapper.ClassPathMapperScanner No MyBatis mapper was found in '[com.wgmf.jz.mapper]' package. Please check your configuration.  -- [main] DESKTOP-RRDOHMK]
[2019-05-13 22:07:32,683] [INFO ] -- [org.springframework.beans.factory.support.DefaultListableBeanFactory Overriding bean definition for bean 'managementServletContext' with a different definition: replacing [Root bean: class [null]; scope=; abstract=false; lazyInit=false; autowireMode=3; dependencyCheck=0; autowireCandidate=true; primary=false; factoryBeanName=org.springframework.boot.actuate.autoconfigure.EndpointWebMvcHypermediaManagementContextConfiguration; factoryMethodName=managementServletContext; initMethodName=null; destroyMethodName=(inferred); defined in class path resource [org/springframework/boot/actuate/autoconfigure/EndpointWebMvcHypermediaManagementContextConfiguration.class]] with [Root bean: class [null]; scope=; abstract=false; lazyInit=false; autowireMode=3; dependencyCheck=0; autowireCandidate=true; primary=false; factoryBeanName=org.springframework.boot.actuate.autoconfigure.EndpointWebMvcAutoConfiguration; factoryMethodName=managementServletContext; initMethodName=null; destroyMethodName=(inferred); defined in class path resource [org/springframework/boot/actuate/autoconfigure/EndpointWebMvcAutoConfiguration.class]]  -- [main] DESKTOP-RRDOHMK]
[2019-05-13 22:07:33,690] [INFO ] -- [org.springframework.context.support.PostProcessorRegistrationDelegate$BeanPostProcessorChecker Bean 'org.springframework.transaction.annotation.ProxyTransactionManagementConfiguration' of type [org.springframework.transaction.annotation.ProxyTransactionManagementConfiguration$$EnhancerBySpringCGLIB$$6a93906] is not eligible for getting processed by all BeanPostProcessors (for example: not eligible for auto-proxying)  -- [main] DESKTOP-RRDOHMK]
[2019-05-13 22:07:34,841] [INFO ] -- [org.springframework.boot.context.embedded.tomcat.TomcatEmbeddedServletContainer Tomcat initialized with port(s): 8989 (http)  -- [main] DESKTOP-RRDOHMK]
[2019-05-13 22:07:34,857] [INFO ] -- [org.apache.catalina.core.StandardService Starting service [Tomcat]  -- [main] DESKTOP-RRDOHMK]
[2019-05-13 22:07:34,859] [INFO ] -- [org.apache.catalina.core.StandardEngine Starting Servlet Engine: Apache Tomcat/8.5.16  -- [main] DESKTOP-RRDOHMK]
[2019-05-13 22:07:35,099] [INFO ] -- [org.apache.catalina.core.ContainerBase.[Tomcat].[localhost].[/] Initializing Spring embedded WebApplicationContext  -- [localhost-startStop-1] DESKTOP-RRDOHMK]
[2019-05-13 22:07:35,099] [INFO ] -- [org.springframework.web.context.ContextLoader Root WebApplicationContext: initialization completed in 4242 ms  -- [localhost-startStop-1] DESKTOP-RRDOHMK]
[2019-05-13 22:07:36,012] [INFO ] -- [org.springframework.boot.web.servlet.ServletRegistrationBean Mapping servlet: 'dispatcherServlet' to [/]  -- [localhost-startStop-1] DESKTOP-RRDOHMK]
[2019-05-13 22:07:36,018] [INFO ] -- [org.springframework.boot.web.servlet.FilterRegistrationBean Mapping filter: 'metricsFilter' to: [/*]  -- [localhost-startStop-1] DESKTOP-RRDOHMK]
[2019-05-13 22:07:36,019] [INFO ] -- [org.springframework.boot.web.servlet.FilterRegistrationBean Mapping filter: 'characterEncodingFilter' to: [/*]  -- [localhost-startStop-1] DESKTOP-RRDOHMK]
[2019-05-13 22:07:36,019] [INFO ] -- [org.springframework.boot.web.servlet.FilterRegistrationBean Mapping filter: 'hiddenHttpMethodFilter' to: [/*]  -- [localhost-startStop-1] DESKTOP-RRDOHMK]
[2019-05-13 22:07:36,019] [INFO ] -- [org.springframework.boot.web.servlet.FilterRegistrationBean Mapping filter: 'httpPutFormContentFilter' to: [/*]  -- [localhost-startStop-1] DESKTOP-RRDOHMK]
[2019-05-13 22:07:36,020] [INFO ] -- [org.springframework.boot.web.servlet.FilterRegistrationBean Mapping filter: 'requestContextFilter' to: [/*]  -- [localhost-startStop-1] DESKTOP-RRDOHMK]
[2019-05-13 22:07:36,020] [INFO ] -- [org.springframework.boot.web.servlet.FilterRegistrationBean Mapping filter: 'webRequestLoggingFilter' to: [/*]  -- [localhost-startStop-1] DESKTOP-RRDOHMK]
[2019-05-13 22:07:36,020] [INFO ] -- [org.springframework.boot.web.servlet.FilterRegistrationBean Mapping filter: 'applicationContextIdFilter' to: [/*]  -- [localhost-startStop-1] DESKTOP-RRDOHMK]
[2019-05-13 22:07:38,272] [INFO ] -- [org.springframework.web.servlet.mvc.method.annotation.RequestMappingHandlerMapping Mapped "{[/test/testMysql],methods=[GET]}" onto public java.util.List<com.yl.domain.Person> com.yl.web.TestController.testMysql()  -- [main] DESKTOP-RRDOHMK]
[2019-05-13 22:07:38,274] [INFO ] -- [org.springframework.web.servlet.mvc.method.annotation.RequestMappingHandlerMapping Mapped "{[/v2/api-docs],methods=[GET]}" onto public org.springframework.http.ResponseEntity<springfox.documentation.spring.web.json.Json> springfox.documentation.swagger2.web.Swagger2Controller.getDocumentation(java.lang.String)  -- [main] DESKTOP-RRDOHMK]
[2019-05-13 22:07:38,277] [INFO ] -- [org.springframework.web.servlet.mvc.method.annotation.RequestMappingHandlerMapping Mapped "{[/configuration/security]}" onto org.springframework.http.ResponseEntity<springfox.documentation.swagger.web.SecurityConfiguration> springfox.documentation.swagger.web.ApiResourceController.securityConfiguration()  -- [main] DESKTOP-RRDOHMK]
[2019-05-13 22:07:38,278] [INFO ] -- [org.springframework.web.servlet.mvc.method.annotation.RequestMappingHandlerMapping Mapped "{[/configuration/ui]}" onto org.springframework.http.ResponseEntity<springfox.documentation.swagger.web.UiConfiguration> springfox.documentation.swagger.web.ApiResourceController.uiConfiguration()  -- [main] DESKTOP-RRDOHMK]
[2019-05-13 22:07:38,279] [INFO ] -- [org.springframework.web.servlet.mvc.method.annotation.RequestMappingHandlerMapping Mapped "{[/swagger-resources]}" onto org.springframework.http.ResponseEntity<java.util.List<springfox.documentation.swagger.web.SwaggerResource>> springfox.documentation.swagger.web.ApiResourceController.swaggerResources()  -- [main] DESKTOP-RRDOHMK]
[2019-05-13 22:07:38,282] [INFO ] -- [org.springframework.web.servlet.mvc.method.annotation.RequestMappingHandlerMapping Mapped "{[/error]}" onto public org.springframework.http.ResponseEntity<java.util.Map<java.lang.String, java.lang.Object>> org.springframework.boot.autoconfigure.web.BasicErrorController.error(javax.servlet.http.HttpServletRequest)  -- [main] DESKTOP-RRDOHMK]
[2019-05-13 22:07:38,282] [INFO ] -- [org.springframework.web.servlet.mvc.method.annotation.RequestMappingHandlerMapping Mapped "{[/error],produces=[text/html]}" onto public org.springframework.web.servlet.ModelAndView org.springframework.boot.autoconfigure.web.BasicErrorController.errorHtml(javax.servlet.http.HttpServletRequest,javax.servlet.http.HttpServletResponse)  -- [main] DESKTOP-RRDOHMK]
[2019-05-13 22:07:38,859] [INFO ] -- [org.springframework.boot.actuate.endpoint.mvc.EndpointHandlerMapping Mapped "{[/env/{name:.*}],methods=[GET],produces=[application/vnd.spring-boot.actuator.v1+json || application/json]}" onto public java.lang.Object org.springframework.boot.actuate.endpoint.mvc.EnvironmentMvcEndpoint.value(java.lang.String)  -- [main] DESKTOP-RRDOHMK]
[2019-05-13 22:07:38,860] [INFO ] -- [org.springframework.boot.actuate.endpoint.mvc.EndpointHandlerMapping Mapped "{[/env || /env.json],methods=[GET],produces=[application/vnd.spring-boot.actuator.v1+json || application/json]}" onto public java.lang.Object org.springframework.boot.actuate.endpoint.mvc.EndpointMvcAdapter.invoke()  -- [main] DESKTOP-RRDOHMK]
[2019-05-13 22:07:38,861] [INFO ] -- [org.springframework.boot.actuate.endpoint.mvc.EndpointHandlerMapping Mapped "{[/trace || /trace.json],methods=[GET],produces=[application/vnd.spring-boot.actuator.v1+json || application/json]}" onto public java.lang.Object org.springframework.boot.actuate.endpoint.mvc.EndpointMvcAdapter.invoke()  -- [main] DESKTOP-RRDOHMK]
[2019-05-13 22:07:38,864] [INFO ] -- [org.springframework.boot.actuate.endpoint.mvc.EndpointHandlerMapping Mapped "{[/info || /info.json],methods=[GET],produces=[application/vnd.spring-boot.actuator.v1+json || application/json]}" onto public java.lang.Object org.springframework.boot.actuate.endpoint.mvc.EndpointMvcAdapter.invoke()  -- [main] DESKTOP-RRDOHMK]
[2019-05-13 22:07:38,866] [INFO ] -- [org.springframework.boot.actuate.endpoint.mvc.EndpointHandlerMapping Mapped "{[/actuator || /actuator.json],methods=[GET],produces=[application/vnd.spring-boot.actuator.v1+json || application/json]}" onto public org.springframework.hateoas.ResourceSupport org.springframework.boot.actuate.endpoint.mvc.HalJsonMvcEndpoint.links()  -- [main] DESKTOP-RRDOHMK]
[2019-05-13 22:07:38,869] [INFO ] -- [org.springframework.boot.actuate.endpoint.mvc.EndpointHandlerMapping Mapped "{[/metrics/{name:.*}],methods=[GET],produces=[application/vnd.spring-boot.actuator.v1+json || application/json]}" onto public java.lang.Object org.springframework.boot.actuate.endpoint.mvc.MetricsMvcEndpoint.value(java.lang.String)  -- [main] DESKTOP-RRDOHMK]
[2019-05-13 22:07:38,870] [INFO ] -- [org.springframework.boot.actuate.endpoint.mvc.EndpointHandlerMapping Mapped "{[/metrics || /metrics.json],methods=[GET],produces=[application/vnd.spring-boot.actuator.v1+json || application/json]}" onto public java.lang.Object org.springframework.boot.actuate.endpoint.mvc.EndpointMvcAdapter.invoke()  -- [main] DESKTOP-RRDOHMK]
[2019-05-13 22:07:38,873] [INFO ] -- [org.springframework.boot.actuate.endpoint.mvc.EndpointHandlerMapping Mapped "{[/logfile || /logfile.json],methods=[GET || HEAD]}" onto public void org.springframework.boot.actuate.endpoint.mvc.LogFileMvcEndpoint.invoke(javax.servlet.http.HttpServletRequest,javax.servlet.http.HttpServletResponse) throws javax.servlet.ServletException,java.io.IOException  -- [main] DESKTOP-RRDOHMK]
[2019-05-13 22:07:38,874] [INFO ] -- [org.springframework.boot.actuate.endpoint.mvc.EndpointHandlerMapping Mapped "{[/autoconfig || /autoconfig.json],methods=[GET],produces=[application/vnd.spring-boot.actuator.v1+json || application/json]}" onto public java.lang.Object org.springframework.boot.actuate.endpoint.mvc.EndpointMvcAdapter.invoke()  -- [main] DESKTOP-RRDOHMK]
[2019-05-13 22:07:38,877] [INFO ] -- [org.springframework.boot.actuate.endpoint.mvc.EndpointHandlerMapping Mapped "{[/loggers/{name:.*}],methods=[GET],produces=[application/vnd.spring-boot.actuator.v1+json || application/json]}" onto public java.lang.Object org.springframework.boot.actuate.endpoint.mvc.LoggersMvcEndpoint.get(java.lang.String)  -- [main] DESKTOP-RRDOHMK]
[2019-05-13 22:07:38,878] [INFO ] -- [org.springframework.boot.actuate.endpoint.mvc.EndpointHandlerMapping Mapped "{[/loggers/{name:.*}],methods=[POST],consumes=[application/vnd.spring-boot.actuator.v1+json || application/json],produces=[application/vnd.spring-boot.actuator.v1+json || application/json]}" onto public java.lang.Object org.springframework.boot.actuate.endpoint.mvc.LoggersMvcEndpoint.set(java.lang.String,java.util.Map<java.lang.String, java.lang.String>)  -- [main] DESKTOP-RRDOHMK]
[2019-05-13 22:07:38,878] [INFO ] -- [org.springframework.boot.actuate.endpoint.mvc.EndpointHandlerMapping Mapped "{[/loggers || /loggers.json],methods=[GET],produces=[application/vnd.spring-boot.actuator.v1+json || application/json]}" onto public java.lang.Object org.springframework.boot.actuate.endpoint.mvc.EndpointMvcAdapter.invoke()  -- [main] DESKTOP-RRDOHMK]
[2019-05-13 22:07:38,880] [INFO ] -- [org.springframework.boot.actuate.endpoint.mvc.EndpointHandlerMapping Mapped "{[/auditevents || /auditevents.json],methods=[GET],produces=[application/vnd.spring-boot.actuator.v1+json || application/json]}" onto public org.springframework.http.ResponseEntity<?> org.springframework.boot.actuate.endpoint.mvc.AuditEventsMvcEndpoint.findByPrincipalAndAfterAndType(java.lang.String,java.util.Date,java.lang.String)  -- [main] DESKTOP-RRDOHMK]
[2019-05-13 22:07:38,882] [INFO ] -- [org.springframework.boot.actuate.endpoint.mvc.EndpointHandlerMapping Mapped "{[/mappings || /mappings.json],methods=[GET],produces=[application/vnd.spring-boot.actuator.v1+json || application/json]}" onto public java.lang.Object org.springframework.boot.actuate.endpoint.mvc.EndpointMvcAdapter.invoke()  -- [main] DESKTOP-RRDOHMK]
[2019-05-13 22:07:38,883] [INFO ] -- [org.springframework.boot.actuate.endpoint.mvc.EndpointHandlerMapping Mapped "{[/beans || /beans.json],methods=[GET],produces=[application/vnd.spring-boot.actuator.v1+json || application/json]}" onto public java.lang.Object org.springframework.boot.actuate.endpoint.mvc.EndpointMvcAdapter.invoke()  -- [main] DESKTOP-RRDOHMK]
[2019-05-13 22:07:38,884] [INFO ] -- [org.springframework.boot.actuate.endpoint.mvc.EndpointHandlerMapping Mapped "{[/health || /health.json],methods=[GET],produces=[application/vnd.spring-boot.actuator.v1+json || application/json]}" onto public java.lang.Object org.springframework.boot.actuate.endpoint.mvc.HealthMvcEndpoint.invoke(javax.servlet.http.HttpServletRequest,java.security.Principal)  -- [main] DESKTOP-RRDOHMK]
[2019-05-13 22:07:38,885] [INFO ] -- [org.springframework.boot.actuate.endpoint.mvc.EndpointHandlerMapping Mapped "{[/configprops || /configprops.json],methods=[GET],produces=[application/vnd.spring-boot.actuator.v1+json || application/json]}" onto public java.lang.Object org.springframework.boot.actuate.endpoint.mvc.EndpointMvcAdapter.invoke()  -- [main] DESKTOP-RRDOHMK]
[2019-05-13 22:07:38,887] [INFO ] -- [org.springframework.boot.actuate.endpoint.mvc.EndpointHandlerMapping Mapped "{[/heapdump || /heapdump.json],methods=[GET],produces=[application/octet-stream]}" onto public void org.springframework.boot.actuate.endpoint.mvc.HeapdumpMvcEndpoint.invoke(boolean,javax.servlet.http.HttpServletRequest,javax.servlet.http.HttpServletResponse) throws java.io.IOException,javax.servlet.ServletException  -- [main] DESKTOP-RRDOHMK]
[2019-05-13 22:07:38,890] [INFO ] -- [org.springframework.boot.actuate.endpoint.mvc.EndpointHandlerMapping Mapped "{[/dump || /dump.json],methods=[GET],produces=[application/vnd.spring-boot.actuator.v1+json || application/json]}" onto public java.lang.Object org.springframework.boot.actuate.endpoint.mvc.EndpointMvcAdapter.invoke()  -- [main] DESKTOP-RRDOHMK]
[2019-05-13 22:07:39,172] [ERROR] -- [com.yl.swagger.SwaggerConfig swagger para:动态数据源,动态数据源接口,无API服务条款,(578598624@qq.com),1.0.0-SNAPSHOT  -- [main] DESKTOP-RRDOHMK]
[2019-05-13 22:07:39,899] [INFO ] -- [org.springframework.web.servlet.mvc.method.annotation.RequestMappingHandlerAdapter Looking for @ControllerAdvice: org.springframework.boot.context.embedded.AnnotationConfigEmbeddedWebApplicationContext@16f7b4af: startup date [Mon May 13 22:07:30 CST 2019]; root of context hierarchy  -- [main] DESKTOP-RRDOHMK]
[2019-05-13 22:07:39,909] [INFO ] -- [org.springframework.web.servlet.mvc.method.annotation.RequestMappingHandlerAdapter Detected ResponseBodyAdvice bean in org.springframework.boot.actuate.autoconfigure.EndpointWebMvcHypermediaManagementContextConfiguration$ActuatorEndpointLinksAdvice  -- [main] DESKTOP-RRDOHMK]
[2019-05-13 22:07:40,059] [INFO ] -- [org.springframework.web.servlet.handler.SimpleUrlHandlerMapping Mapped URL path [/webjars/**] onto handler of type [class org.springframework.web.servlet.resource.ResourceHttpRequestHandler]  -- [main] DESKTOP-RRDOHMK]
[2019-05-13 22:07:40,059] [INFO ] -- [org.springframework.web.servlet.handler.SimpleUrlHandlerMapping Mapped URL path [/**] onto handler of type [class org.springframework.web.servlet.resource.ResourceHttpRequestHandler]  -- [main] DESKTOP-RRDOHMK]
[2019-05-13 22:07:40,097] [INFO ] -- [org.springframework.web.servlet.mvc.method.annotation.ExceptionHandlerExceptionResolver Detected ResponseBodyAdvice implementation in org.springframework.boot.actuate.autoconfigure.EndpointWebMvcHypermediaManagementContextConfiguration$ActuatorEndpointLinksAdvice  -- [main] DESKTOP-RRDOHMK]
[2019-05-13 22:07:40,200] [INFO ] -- [org.springframework.web.servlet.handler.SimpleUrlHandlerMapping Mapped URL path [/**/favicon.ico] onto handler of type [class org.springframework.web.servlet.resource.ResourceHttpRequestHandler]  -- [main] DESKTOP-RRDOHMK]
[2019-05-13 22:07:41,211] [INFO ] -- [org.springframework.jmx.export.annotation.AnnotationMBeanExporter Registering beans for JMX exposure on startup  -- [main] DESKTOP-RRDOHMK]
[2019-05-13 22:07:41,218] [INFO ] -- [org.springframework.boot.actuate.endpoint.jmx.EndpointMBeanExporter Registering beans for JMX exposure on startup  -- [main] DESKTOP-RRDOHMK]
[2019-05-13 22:07:41,225] [INFO ] -- [org.springframework.context.support.DefaultLifecycleProcessor Starting beans in phase 0  -- [main] DESKTOP-RRDOHMK]
[2019-05-13 22:07:41,227] [INFO ] -- [org.springframework.boot.actuate.endpoint.jmx.EndpointMBeanExporter Located managed bean 'auditEventsEndpoint': registering with JMX server as MBean [org.springframework.boot:type=Endpoint,name=auditEventsEndpoint]  -- [main] DESKTOP-RRDOHMK]
[2019-05-13 22:07:41,246] [INFO ] -- [org.springframework.boot.actuate.endpoint.jmx.EndpointMBeanExporter Located managed bean 'requestMappingEndpoint': registering with JMX server as MBean [org.springframework.boot:type=Endpoint,name=requestMappingEndpoint]  -- [main] DESKTOP-RRDOHMK]
[2019-05-13 22:07:41,262] [INFO ] -- [org.springframework.boot.actuate.endpoint.jmx.EndpointMBeanExporter Located managed bean 'environmentEndpoint': registering with JMX server as MBean [org.springframework.boot:type=Endpoint,name=environmentEndpoint]  -- [main] DESKTOP-RRDOHMK]
[2019-05-13 22:07:41,268] [INFO ] -- [org.springframework.boot.actuate.endpoint.jmx.EndpointMBeanExporter Located managed bean 'healthEndpoint': registering with JMX server as MBean [org.springframework.boot:type=Endpoint,name=healthEndpoint]  -- [main] DESKTOP-RRDOHMK]
[2019-05-13 22:07:41,272] [INFO ] -- [org.springframework.boot.actuate.endpoint.jmx.EndpointMBeanExporter Located managed bean 'beansEndpoint': registering with JMX server as MBean [org.springframework.boot:type=Endpoint,name=beansEndpoint]  -- [main] DESKTOP-RRDOHMK]
[2019-05-13 22:07:41,279] [INFO ] -- [org.springframework.boot.actuate.endpoint.jmx.EndpointMBeanExporter Located managed bean 'infoEndpoint': registering with JMX server as MBean [org.springframework.boot:type=Endpoint,name=infoEndpoint]  -- [main] DESKTOP-RRDOHMK]
[2019-05-13 22:07:41,285] [INFO ] -- [org.springframework.boot.actuate.endpoint.jmx.EndpointMBeanExporter Located managed bean 'loggersEndpoint': registering with JMX server as MBean [org.springframework.boot:type=Endpoint,name=loggersEndpoint]  -- [main] DESKTOP-RRDOHMK]
[2019-05-13 22:07:41,294] [INFO ] -- [org.springframework.boot.actuate.endpoint.jmx.EndpointMBeanExporter Located managed bean 'metricsEndpoint': registering with JMX server as MBean [org.springframework.boot:type=Endpoint,name=metricsEndpoint]  -- [main] DESKTOP-RRDOHMK]
[2019-05-13 22:07:41,298] [INFO ] -- [org.springframework.boot.actuate.endpoint.jmx.EndpointMBeanExporter Located managed bean 'traceEndpoint': registering with JMX server as MBean [org.springframework.boot:type=Endpoint,name=traceEndpoint]  -- [main] DESKTOP-RRDOHMK]
[2019-05-13 22:07:41,301] [INFO ] -- [org.springframework.boot.actuate.endpoint.jmx.EndpointMBeanExporter Located managed bean 'dumpEndpoint': registering with JMX server as MBean [org.springframework.boot:type=Endpoint,name=dumpEndpoint]  -- [main] DESKTOP-RRDOHMK]
[2019-05-13 22:07:41,306] [INFO ] -- [org.springframework.boot.actuate.endpoint.jmx.EndpointMBeanExporter Located managed bean 'autoConfigurationReportEndpoint': registering with JMX server as MBean [org.springframework.boot:type=Endpoint,name=autoConfigurationReportEndpoint]  -- [main] DESKTOP-RRDOHMK]
[2019-05-13 22:07:41,309] [INFO ] -- [org.springframework.boot.actuate.endpoint.jmx.EndpointMBeanExporter Located managed bean 'configurationPropertiesReportEndpoint': registering with JMX server as MBean [org.springframework.boot:type=Endpoint,name=configurationPropertiesReportEndpoint]  -- [main] DESKTOP-RRDOHMK]
[2019-05-13 22:07:41,350] [INFO ] -- [springfox.documentation.spring.web.plugins.DocumentationPluginsBootstrapper Context refreshed  -- [main] DESKTOP-RRDOHMK]
[2019-05-13 22:07:41,382] [INFO ] -- [springfox.documentation.spring.web.plugins.DocumentationPluginsBootstrapper Found {0} custom documentation plugin(s)  -- [main] DESKTOP-RRDOHMK]
[2019-05-13 22:07:41,393] [INFO ] -- [springfox.documentation.spring.web.scanners.ApiListingReferenceScanner Scanning for api listing references  -- [main] DESKTOP-RRDOHMK]
[2019-05-13 22:07:41,400] [INFO ] -- [springfox.documentation.swagger.web.ClassOrApiAnnotationResourceGrouping Group for method testMysql was test-controller  -- [main] DESKTOP-RRDOHMK]
[2019-05-13 22:07:41,404] [INFO ] -- [springfox.documentation.spring.web.scanners.ApiListingReferenceScanner Request mapping: testMysql belongs to groups: [[ResourceGroup{groupName='test-controller', position=0, controller=com.yl.web.TestController}]]   -- [main] DESKTOP-RRDOHMK]
[2019-05-13 22:07:41,409] [INFO ] -- [springfox.documentation.spring.web.scanners.ApiListingReferenceScanner Created resource listing Path: /default/test-controller Description: test-controller Position: 0  -- [main] DESKTOP-RRDOHMK]
[2019-05-13 22:07:41,456] [INFO ] -- [springfox.documentation.schema.ModelContextKeyGenerator Cache Key Generated: java.util.List<com.yl.domain.Person>(true)  -- [main] DESKTOP-RRDOHMK]
[2019-05-13 22:07:41,456] [INFO ] -- [springfox.documentation.spring.web.caching.CachingAspect Caching aspect applied for cache models with key java.util.List<com.yl.domain.Person>(true)  -- [main] DESKTOP-RRDOHMK]
[2019-05-13 22:07:41,476] [INFO ] -- [springfox.documentation.schema.ModelContextKeyGenerator Cache Key Generated: java.util.List<com.yl.domain.Person>(true)  -- [main] DESKTOP-RRDOHMK]
[2019-05-13 22:07:41,478] [INFO ] -- [springfox.documentation.spring.web.caching.CachingAspect Caching aspect applied for cache modelDependencies with key java.util.List<com.yl.domain.Person>(true)  -- [main] DESKTOP-RRDOHMK]
[2019-05-13 22:07:41,504] [INFO ] -- [springfox.documentation.schema.property.ModelPropertiesKeyGenerator Cache key generated: com.yl.domain.Person(true)  -- [main] DESKTOP-RRDOHMK]
[2019-05-13 22:07:41,504] [INFO ] -- [springfox.documentation.spring.web.caching.CachingAspect Caching aspect applied for cache modelProperties with key com.yl.domain.Person(true)  -- [main] DESKTOP-RRDOHMK]
[2019-05-13 22:07:41,548] [INFO ] -- [springfox.documentation.schema.property.ModelPropertiesKeyGenerator Cache key generated: java.util.List<com.yl.domain.Person>(true)  -- [main] DESKTOP-RRDOHMK]
[2019-05-13 22:07:41,548] [INFO ] -- [springfox.documentation.spring.web.caching.CachingAspect Caching aspect applied for cache modelProperties with key java.util.List<com.yl.domain.Person>(true)  -- [main] DESKTOP-RRDOHMK]
[2019-05-13 22:07:41,551] [INFO ] -- [springfox.documentation.schema.property.ModelPropertiesKeyGenerator Cache key generated: com.yl.domain.Person(true)  -- [main] DESKTOP-RRDOHMK]
[2019-05-13 22:07:41,551] [INFO ] -- [springfox.documentation.spring.web.caching.CachingAspect Caching aspect applied for cache modelProperties with key com.yl.domain.Person(true)  -- [main] DESKTOP-RRDOHMK]
[2019-05-13 22:07:41,561] [INFO ] -- [springfox.documentation.spring.web.OperationsKeyGenerator Cache key generated: /test/testMysql.com.yl.web.TestController.testMysql.DefaultGenericTypeNamingStrategy  -- [main] DESKTOP-RRDOHMK]
[2019-05-13 22:07:41,562] [INFO ] -- [springfox.documentation.spring.web.caching.CachingAspect Caching aspect applied for cache operations with key /test/testMysql.com.yl.web.TestController.testMysql.DefaultGenericTypeNamingStrategy  -- [main] DESKTOP-RRDOHMK]
[2019-05-13 22:07:41,575] [INFO ] -- [springfox.documentation.swagger.web.ClassOrApiAnnotationResourceGrouping Group for method testMysql was test-controller  -- [main] DESKTOP-RRDOHMK]
[2019-05-13 22:07:41,598] [INFO ] -- [springfox.documentation.swagger.web.ClassOrApiAnnotationResourceGrouping Group for method testMysql was test-controller  -- [main] DESKTOP-RRDOHMK]
[2019-05-13 22:07:41,644] [INFO ] -- [org.apache.coyote.http11.Http11NioProtocol Initializing ProtocolHandler ["http-nio-8989"]  -- [main] DESKTOP-RRDOHMK]
[2019-05-13 22:07:41,663] [INFO ] -- [org.apache.coyote.http11.Http11NioProtocol Starting ProtocolHandler ["http-nio-8989"]  -- [main] DESKTOP-RRDOHMK]
[2019-05-13 22:07:41,710] [INFO ] -- [org.apache.tomcat.util.net.NioSelectorPool Using a shared selector for servlet write/read  -- [main] DESKTOP-RRDOHMK]
[2019-05-13 22:07:41,751] [INFO ] -- [org.springframework.boot.context.embedded.tomcat.TomcatEmbeddedServletContainer Tomcat started on port(s): 8989 (http)  -- [main] DESKTOP-RRDOHMK]
[2019-05-13 22:07:41,762] [INFO ] -- [com.yl.Application Started Application in 11.825 seconds (JVM running for 14.708)  -- [main] DESKTOP-RRDOHMK]
[2019-05-13 22:07:53,765] [INFO ] -- [org.apache.catalina.core.ContainerBase.[Tomcat].[localhost].[/] Initializing Spring FrameworkServlet 'dispatcherServlet'  -- [http-nio-8989-exec-1] DESKTOP-RRDOHMK]
[2019-05-13 22:07:53,765] [INFO ] -- [org.springframework.web.servlet.DispatcherServlet FrameworkServlet 'dispatcherServlet': initialization started  -- [http-nio-8989-exec-1] DESKTOP-RRDOHMK]
[2019-05-13 22:07:53,807] [INFO ] -- [org.springframework.web.servlet.DispatcherServlet FrameworkServlet 'dispatcherServlet': initialization completed in 42 ms  -- [http-nio-8989-exec-1] DESKTOP-RRDOHMK]
[2019-05-13 22:07:54,331] [DEBUG] -- [com.yl.mapper.TestMapper.testMysql ==>  Preparing: select name as name from yl_test   -- [http-nio-8989-exec-1] DESKTOP-RRDOHMK]
[2019-05-13 22:07:54,364] [DEBUG] -- [com.yl.mapper.TestMapper.testMysql ==> Parameters:   -- [http-nio-8989-exec-1] DESKTOP-RRDOHMK]
[2019-05-13 22:07:54,387] [DEBUG] -- [com.yl.mapper.TestMapper.testMysql <==      Total: 1  -- [http-nio-8989-exec-1] DESKTOP-RRDOHMK]
[2019-05-13 22:32:30,035] [ERROR] -- [org.springframework.boot.SpringApplication Application startup failed java.lang.IllegalStateException: Failed to load property source from location 'classpath:/dev/application.yml'
	at org.springframework.boot.context.config.ConfigFileApplicationListener$Loader.loadIntoGroup(ConfigFileApplicationListener.java:476)
	at org.springframework.boot.context.config.ConfigFileApplicationListener$Loader.load(ConfigFileApplicationListener.java:443)
	at org.springframework.boot.context.config.ConfigFileApplicationListener$Loader.load(ConfigFileApplicationListener.java:382)
	at org.springframework.boot.context.config.ConfigFileApplicationListener.addPropertySources(ConfigFileApplicationListener.java:225)
	at org.springframework.boot.context.config.ConfigFileApplicationListener.postProcessEnvironment(ConfigFileApplicationListener.java:195)
	at org.springframework.boot.context.config.ConfigFileApplicationListener.onApplicationEnvironmentPreparedEvent(ConfigFileApplicationListener.java:182)
	at org.springframework.boot.context.config.ConfigFileApplicationListener.onApplicationEvent(ConfigFileApplicationListener.java:168)
	at org.springframework.context.event.SimpleApplicationEventMulticaster.invokeListener(SimpleApplicationEventMulticaster.java:167)
	at org.springframework.context.event.SimpleApplicationEventMulticaster.multicastEvent(SimpleApplicationEventMulticaster.java:139)
	at org.springframework.context.event.SimpleApplicationEventMulticaster.multicastEvent(SimpleApplicationEventMulticaster.java:122)
	at org.springframework.boot.context.event.EventPublishingRunListener.environmentPrepared(EventPublishingRunListener.java:74)
	at org.springframework.boot.SpringApplicationRunListeners.environmentPrepared(SpringApplicationRunListeners.java:54)
	at org.springframework.boot.SpringApplication.prepareEnvironment(SpringApplication.java:325)
	at org.springframework.boot.SpringApplication.run(SpringApplication.java:296)
	at org.springframework.boot.SpringApplication.run(SpringApplication.java:1118)
	at org.springframework.boot.SpringApplication.run(SpringApplication.java:1107)
	at com.yl.Application.main(Application.java:18)
Caused by: mapping values are not allowed here
 in 'reader', line 22, column 18:
             username: root
                     ^

	at org.yaml.snakeyaml.scanner.ScannerImpl.fetchValue(ScannerImpl.java:871)
	at org.yaml.snakeyaml.scanner.ScannerImpl.fetchMoreTokens(ScannerImpl.java:360)
	at org.yaml.snakeyaml.scanner.ScannerImpl.checkToken(ScannerImpl.java:226)
	at org.yaml.snakeyaml.parser.ParserImpl$ParseBlockMappingKey.produce(ParserImpl.java:557)
	at org.yaml.snakeyaml.parser.ParserImpl.peekEvent(ParserImpl.java:157)
	at org.yaml.snakeyaml.parser.ParserImpl.checkEvent(ParserImpl.java:147)
	at org.yaml.snakeyaml.composer.Composer.composeMappingNode(Composer.java:224)
	at org.yaml.snakeyaml.composer.Composer.composeNode(Composer.java:155)
	at org.yaml.snakeyaml.composer.Composer.composeValueNode(Composer.java:246)
	at org.yaml.snakeyaml.composer.Composer.composeMappingChildren(Composer.java:237)
	at org.yaml.snakeyaml.composer.Composer.composeMappingNode(Composer.java:225)
	at org.yaml.snakeyaml.composer.Composer.composeNode(Composer.java:155)
	at org.yaml.snakeyaml.composer.Composer.composeValueNode(Composer.java:246)
	at org.yaml.snakeyaml.composer.Composer.composeMappingChildren(Composer.java:237)
	at org.yaml.snakeyaml.composer.Composer.composeMappingNode(Composer.java:225)
	at org.yaml.snakeyaml.composer.Composer.composeNode(Composer.java:155)
	at org.yaml.snakeyaml.composer.Composer.composeValueNode(Composer.java:246)
	at org.yaml.snakeyaml.composer.Composer.composeMappingChildren(Composer.java:237)
	at org.yaml.snakeyaml.composer.Composer.composeMappingNode(Composer.java:225)
	at org.yaml.snakeyaml.composer.Composer.composeNode(Composer.java:155)
	at org.yaml.snakeyaml.composer.Composer.composeDocument(Composer.java:122)
	at org.yaml.snakeyaml.composer.Composer.getNode(Composer.java:84)
	at org.yaml.snakeyaml.constructor.BaseConstructor.getData(BaseConstructor.java:104)
	at org.yaml.snakeyaml.Yaml$1.next(Yaml.java:471)
	at org.springframework.beans.factory.config.YamlProcessor.process(YamlProcessor.java:160)
	at org.springframework.beans.factory.config.YamlProcessor.process(YamlProcessor.java:138)
	at org.springframework.boot.env.YamlPropertySourceLoader$Processor.process(YamlPropertySourceLoader.java:101)
	at org.springframework.boot.env.YamlPropertySourceLoader.load(YamlPropertySourceLoader.java:58)
	at org.springframework.boot.env.PropertySourcesLoader.load(PropertySourcesLoader.java:127)
	at org.springframework.boot.context.config.ConfigFileApplicationListener$Loader.doLoadIntoGroup(ConfigFileApplicationListener.java:490)
	at org.springframework.boot.context.config.ConfigFileApplicationListener$Loader.loadIntoGroup(ConfigFileApplicationListener.java:473)
	... 16 more
 -- [main] DESKTOP-RRDOHMK]
